<?xml version="1.0" encoding="UTF-8"?>
<testng-results skipped="0" failed="0" total="1" passed="1">
  <reporter-output>
  </reporter-output>
  <suite name="Default suite" duration-ms="39502" started-at="2016-08-24T12:52:38Z" finished-at="2016-08-24T12:53:18Z">
    <groups>
      <group name="cucumber">
        <method signature="AbstractTestNGCucumberTests.feature(cucumber.api.testng.CucumberFeatureWrapper)[pri:0, instance:RunCukesTest@b7dd107]" name="feature" class="cucumber.api.testng.AbstractTestNGCucumberTests"/>
      </group> <!-- cucumber -->
    </groups>
    <test name="Default test" duration-ms="39502" started-at="2016-08-24T12:52:38Z" finished-at="2016-08-24T12:53:18Z">
      <class name="RunCukesTest">
        <test-method status="PASS" signature="setUpClass()[pri:0, instance:RunCukesTest@b7dd107]" name="setUpClass" is-config="true" duration-ms="130" started-at="2016-08-24T18:22:38Z" finished-at="2016-08-24T18:22:38Z">
          <reporter-output>
          </reporter-output>
        </test-method> <!-- setUpClass -->
        <test-method status="PASS" signature="feature(cucumber.api.testng.CucumberFeatureWrapper)[pri:0, instance:RunCukesTest@b7dd107]" name="feature" duration-ms="39289" started-at="2016-08-24T18:22:39Z" description="Runs Cucumber Feature" data-provider="features" finished-at="2016-08-24T18:23:18Z">
          <params>
            <param index="0">
              <value>
                <![CDATA[]]>
              </value>
            </param>
          </params>
          <reporter-output>
          </reporter-output>
        </test-method> <!-- feature -->
        <test-method status="PASS" signature="tearDownClass()[pri:0, instance:RunCukesTest@b7dd107]" name="tearDownClass" is-config="true" duration-ms="5" started-at="2016-08-24T18:23:18Z" finished-at="2016-08-24T18:23:18Z">
          <reporter-output>
          </reporter-output>
        </test-method> <!-- tearDownClass -->
      </class> <!-- RunCukesTest -->
    </test> <!-- Default test -->
  </suite> <!-- Default suite -->
</testng-results>
